

Started GET "/posts" for 127.0.0.1 at 2015-11-13 22:59:00 +0800
Connecting to database specified by database.yml
Processing by PostsController#index as HTML
Completed 500 Internal Server Error in 62.0ms

ActiveRecord::StatementInvalid (Could not find table 'posts'):
  app/controllers/posts_controller.rb:5:in `index'


  Rendered /home/saasbook/.rvm/gems/ruby-1.9.3-p448/gems/actionpack-3.2.16/lib/action_dispatch/middleware/templates/rescues/_trace.erb (0.9ms)
  Rendered /home/saasbook/.rvm/gems/ruby-1.9.3-p448/gems/actionpack-3.2.16/lib/action_dispatch/middleware/templates/rescues/_request_and_response.erb (0.6ms)
  Rendered /home/saasbook/.rvm/gems/ruby-1.9.3-p448/gems/actionpack-3.2.16/lib/action_dispatch/middleware/templates/rescues/diagnostics.erb within rescues/layout (13.2ms)


Started GET "/posts" for 127.0.0.1 at 2015-11-13 23:01:08 +0800
Connecting to database specified by database.yml
Processing by PostsController#index as HTML
Completed 500 Internal Server Error in 38.3ms

ActiveRecord::StatementInvalid (Could not find table 'posts'):
  app/controllers/posts_controller.rb:5:in `index'


  Rendered /home/saasbook/.rvm/gems/ruby-1.9.3-p448/gems/actionpack-3.2.16/lib/action_dispatch/middleware/templates/rescues/_trace.erb (1.6ms)
  Rendered /home/saasbook/.rvm/gems/ruby-1.9.3-p448/gems/actionpack-3.2.16/lib/action_dispatch/middleware/templates/rescues/_request_and_response.erb (1.0ms)
  Rendered /home/saasbook/.rvm/gems/ruby-1.9.3-p448/gems/actionpack-3.2.16/lib/action_dispatch/middleware/templates/rescues/diagnostics.erb within rescues/layout (8.6ms)


Started GET "/posts" for 127.0.0.1 at 2015-11-13 23:04:23 +0800
Connecting to database specified by database.yml
Processing by PostsController#index as HTML
Completed 500 Internal Server Error in 28.8ms

ActiveRecord::StatementInvalid (Could not find table 'posts'):
  app/controllers/posts_controller.rb:5:in `index'


  Rendered /home/saasbook/.rvm/gems/ruby-1.9.3-p448/gems/actionpack-3.2.16/lib/action_dispatch/middleware/templates/rescues/_trace.erb (0.8ms)
  Rendered /home/saasbook/.rvm/gems/ruby-1.9.3-p448/gems/actionpack-3.2.16/lib/action_dispatch/middleware/templates/rescues/_request_and_response.erb (0.7ms)
  Rendered /home/saasbook/.rvm/gems/ruby-1.9.3-p448/gems/actionpack-3.2.16/lib/action_dispatch/middleware/templates/rescues/diagnostics.erb within rescues/layout (7.6ms)
Connecting to database specified by database.yml
  [1m[36m (0.1ms)[0m  [1mselect sqlite_version(*)[0m
  [1m[35m (43.0ms)[0m  CREATE TABLE "schema_migrations" ("version" varchar(255) NOT NULL) 
  [1m[36m (4.0ms)[0m  [1mCREATE UNIQUE INDEX "unique_schema_migrations" ON "schema_migrations" ("version")[0m
  [1m[35m (16.0ms)[0m  SELECT "schema_migrations"."version" FROM "schema_migrations" 
Migrating to CreatePosts (20151106060946)
  [1m[36m (0.0ms)[0m  [1mbegin transaction[0m
  [1m[35m (0.2ms)[0m  CREATE TABLE "posts" ("id" INTEGER PRIMARY KEY AUTOINCREMENT NOT NULL, "title" varchar(255), "content" text, "post_time" datetime, "created_at" datetime NOT NULL, "updated_at" datetime NOT NULL) 
  [1m[36m (0.1ms)[0m  [1mINSERT INTO "schema_migrations" ("version") VALUES ('20151106060946')[0m
  [1m[35m (4.6ms)[0m  commit transaction
  [1m[36m (0.1ms)[0m  [1mSELECT "schema_migrations"."version" FROM "schema_migrations" [0m


Started GET "/posts" for 127.0.0.1 at 2015-11-13 23:15:55 +0800
Connecting to database specified by database.yml
Processing by PostsController#index as HTML
  [1m[36mPost Load (0.1ms)[0m  [1mSELECT "posts".* FROM "posts" [0m
  Rendered posts/index.html.erb within layouts/application (3.1ms)
Warning. Error encountered while saving cache /home/saasbook/Documents/3saas/blog/tmp/cache/sass/7efb7d72934198577b91c8215ecf141dfd86155f/posts.css.scssc: can't dump anonymous class #<Class:0x9638af4>
Compiled posts.css  (58ms)  (pid 2545)
Warning. Error encountered while saving cache /home/saasbook/Documents/3saas/blog/tmp/cache/sass/7efb7d72934198577b91c8215ecf141dfd86155f/scaffolds.css.scssc: can't dump anonymous class #<Class:0x9638af4>
Compiled scaffolds.css  (6ms)  (pid 2545)
Compiled application.css  (87ms)  (pid 2545)
Compiled jquery.js  (1ms)  (pid 2545)
Compiled jquery_ujs.js  (0ms)  (pid 2545)
Compiled posts.js  (664ms)  (pid 2545)
Compiled application.js  (866ms)  (pid 2545)
Completed 200 OK in 1022.2ms (Views: 993.4ms | ActiveRecord: 0.8ms)


Started GET "/assets/application.css?body=1" for 127.0.0.1 at 2015-11-13 23:15:57 +0800
Served asset /application.css - 200 OK (2ms)


Started GET "/assets/posts.js?body=1" for 127.0.0.1 at 2015-11-13 23:15:57 +0800
Served asset /posts.js - 200 OK (0ms)


Started GET "/assets/jquery_ujs.js?body=1" for 127.0.0.1 at 2015-11-13 23:15:57 +0800
Served asset /jquery_ujs.js - 200 OK (4ms)


Started GET "/assets/application.js?body=1" for 127.0.0.1 at 2015-11-13 23:15:57 +0800
Served asset /application.js - 200 OK (26ms)


Started GET "/assets/jquery.js?body=1" for 127.0.0.1 at 2015-11-13 23:15:57 +0800
Served asset /jquery.js - 200 OK (4ms)


Started GET "/assets/scaffolds.css?body=1" for 127.0.0.1 at 2015-11-13 23:15:57 +0800
Served asset /scaffolds.css - 200 OK (5ms)


Started GET "/assets/posts.css?body=1" for 127.0.0.1 at 2015-11-13 23:15:57 +0800
Served asset /posts.css - 200 OK (0ms)


Started GET "/posts/new" for 127.0.0.1 at 2015-11-13 23:15:58 +0800
Processing by PostsController#new as HTML
  Rendered posts/_form.html.erb (60.4ms)
  Rendered posts/new.html.erb within layouts/application (98.5ms)
Completed 200 OK in 116.9ms (Views: 108.1ms | ActiveRecord: 0.0ms)


Started GET "/assets/application.css?body=1" for 127.0.0.1 at 2015-11-13 23:15:58 +0800
Served asset /application.css - 304 Not Modified (0ms)


Started GET "/assets/posts.css?body=1" for 127.0.0.1 at 2015-11-13 23:15:58 +0800
Served asset /posts.css - 304 Not Modified (0ms)


Started GET "/assets/scaffolds.css?body=1" for 127.0.0.1 at 2015-11-13 23:15:58 +0800
Served asset /scaffolds.css - 304 Not Modified (0ms)


Started GET "/assets/jquery.js?body=1" for 127.0.0.1 at 2015-11-13 23:15:58 +0800
Served asset /jquery.js - 304 Not Modified (0ms)


Started GET "/assets/posts.js?body=1" for 127.0.0.1 at 2015-11-13 23:15:58 +0800
Served asset /posts.js - 304 Not Modified (0ms)


Started GET "/assets/jquery_ujs.js?body=1" for 127.0.0.1 at 2015-11-13 23:15:58 +0800
Served asset /jquery_ujs.js - 304 Not Modified (0ms)


Started GET "/assets/application.js?body=1" for 127.0.0.1 at 2015-11-13 23:15:58 +0800
Served asset /application.js - 304 Not Modified (0ms)


Started POST "/posts" for 127.0.0.1 at 2015-11-13 23:16:02 +0800
Processing by PostsController#create as HTML
  Parameters: {"utf8"=>"✓", "authenticity_token"=>"mad+OQKsRc6Z76aXZUCangMManbuMUV+HQQvssSZQ9M=", "post"=>{"title"=>"1", "content"=>"1", "post_time(1i)"=>"2015", "post_time(2i)"=>"11", "post_time(3i)"=>"13", "post_time(4i)"=>"15", "post_time(5i)"=>"15"}, "commit"=>"Create Post"}
  [1m[35m (0.0ms)[0m  begin transaction
  [1m[36mSQL (21.8ms)[0m  [1mINSERT INTO "posts" ("content", "created_at", "post_time", "title", "updated_at") VALUES (?, ?, ?, ?, ?)[0m  [["content", "1"], ["created_at", Fri, 13 Nov 2015 15:16:02 UTC +00:00], ["post_time", Fri, 13 Nov 2015 15:15:00 UTC +00:00], ["title", "1"], ["updated_at", Fri, 13 Nov 2015 15:16:02 UTC +00:00]]
  [1m[35m (23.6ms)[0m  commit transaction
Redirected to http://localhost:3000/posts/1
Completed 302 Found in 48.4ms (ActiveRecord: 45.4ms)


Started GET "/posts/1" for 127.0.0.1 at 2015-11-13 23:16:02 +0800
Processing by PostsController#show as HTML
  Parameters: {"id"=>"1"}
  [1m[36mPost Load (0.1ms)[0m  [1mSELECT "posts".* FROM "posts" WHERE "posts"."id" = ? LIMIT 1[0m  [["id", "1"]]
  Rendered posts/show.html.erb within layouts/application (1.6ms)
Completed 200 OK in 6.4ms (Views: 4.9ms | ActiveRecord: 0.1ms)


Started GET "/assets/application.css?body=1" for 127.0.0.1 at 2015-11-13 23:16:02 +0800
Served asset /application.css - 304 Not Modified (0ms)


Started GET "/assets/posts.css?body=1" for 127.0.0.1 at 2015-11-13 23:16:02 +0800
Served asset /posts.css - 304 Not Modified (0ms)


Started GET "/assets/application.js?body=1" for 127.0.0.1 at 2015-11-13 23:16:02 +0800
Served asset /application.js - 304 Not Modified (8ms)


Started GET "/assets/posts.js?body=1" for 127.0.0.1 at 2015-11-13 23:16:02 +0800
Served asset /posts.js - 304 Not Modified (0ms)


Started GET "/assets/jquery_ujs.js?body=1" for 127.0.0.1 at 2015-11-13 23:16:02 +0800
Served asset /jquery_ujs.js - 304 Not Modified (0ms)


Started GET "/assets/jquery.js?body=1" for 127.0.0.1 at 2015-11-13 23:16:02 +0800
Served asset /jquery.js - 304 Not Modified (0ms)


Started GET "/assets/scaffolds.css?body=1" for 127.0.0.1 at 2015-11-13 23:16:02 +0800
Served asset /scaffolds.css - 304 Not Modified (0ms)


Started GET "/posts" for 127.0.0.1 at 2015-11-13 23:16:04 +0800
Processing by PostsController#index as HTML
  [1m[35mPost Load (0.1ms)[0m  SELECT "posts".* FROM "posts" 
  Rendered posts/index.html.erb within layouts/application (0.7ms)
Completed 200 OK in 4.1ms (Views: 2.6ms | ActiveRecord: 0.1ms)


Started GET "/assets/application.css?body=1" for 127.0.0.1 at 2015-11-13 23:16:04 +0800
Served asset /application.css - 304 Not Modified (0ms)


Started GET "/assets/posts.js?body=1" for 127.0.0.1 at 2015-11-13 23:16:04 +0800
Served asset /posts.js - 304 Not Modified (0ms)


Started GET "/assets/jquery_ujs.js?body=1" for 127.0.0.1 at 2015-11-13 23:16:04 +0800
Served asset /jquery_ujs.js - 304 Not Modified (0ms)


Started GET "/assets/jquery.js?body=1" for 127.0.0.1 at 2015-11-13 23:16:04 +0800
Served asset /jquery.js - 304 Not Modified (0ms)


Started GET "/assets/scaffolds.css?body=1" for 127.0.0.1 at 2015-11-13 23:16:04 +0800
Served asset /scaffolds.css - 304 Not Modified (0ms)


Started GET "/assets/application.js?body=1" for 127.0.0.1 at 2015-11-13 23:16:04 +0800
Served asset /application.js - 304 Not Modified (0ms)


Started GET "/assets/posts.css?body=1" for 127.0.0.1 at 2015-11-13 23:16:04 +0800
Served asset /posts.css - 304 Not Modified (0ms)


Started DELETE "/posts/1" for 127.0.0.1 at 2015-11-13 23:16:07 +0800
Processing by PostsController#destroy as HTML
  Parameters: {"authenticity_token"=>"mad+OQKsRc6Z76aXZUCangMManbuMUV+HQQvssSZQ9M=", "id"=>"1"}
  [1m[36mPost Load (0.1ms)[0m  [1mSELECT "posts".* FROM "posts" WHERE "posts"."id" = ? LIMIT 1[0m  [["id", "1"]]
  [1m[35m (0.0ms)[0m  begin transaction
  [1m[36mSQL (0.1ms)[0m  [1mDELETE FROM "posts" WHERE "posts"."id" = ?[0m  [["id", 1]]
  [1m[35m (20.1ms)[0m  commit transaction
Redirected to http://localhost:3000/posts
Completed 302 Found in 22.0ms (ActiveRecord: 20.3ms)


Started GET "/posts" for 127.0.0.1 at 2015-11-13 23:16:07 +0800
Processing by PostsController#index as HTML
  [1m[36mPost Load (0.1ms)[0m  [1mSELECT "posts".* FROM "posts" [0m
  Rendered posts/index.html.erb within layouts/application (0.1ms)
Completed 200 OK in 3.7ms (Views: 3.2ms | ActiveRecord: 0.1ms)


Started GET "/assets/application.css?body=1" for 127.0.0.1 at 2015-11-13 23:16:07 +0800
Served asset /application.css - 304 Not Modified (0ms)


Started GET "/assets/scaffolds.css?body=1" for 127.0.0.1 at 2015-11-13 23:16:07 +0800
Served asset /scaffolds.css - 304 Not Modified (0ms)


Started GET "/assets/posts.css?body=1" for 127.0.0.1 at 2015-11-13 23:16:07 +0800
Served asset /posts.css - 304 Not Modified (0ms)


Started GET "/assets/jquery_ujs.js?body=1" for 127.0.0.1 at 2015-11-13 23:16:07 +0800
Served asset /jquery_ujs.js - 304 Not Modified (0ms)


Started GET "/assets/jquery.js?body=1" for 127.0.0.1 at 2015-11-13 23:16:07 +0800
Served asset /jquery.js - 304 Not Modified (0ms)


Started GET "/assets/application.js?body=1" for 127.0.0.1 at 2015-11-13 23:16:07 +0800
Served asset /application.js - 304 Not Modified (0ms)


Started GET "/assets/posts.js?body=1" for 127.0.0.1 at 2015-11-13 23:16:07 +0800
Served asset /posts.js - 304 Not Modified (0ms)


Started GET "/posts" for 127.0.0.1 at 2015-11-18 11:54:44 +0800
Connecting to database specified by database.yml
Processing by PostsController#index as HTML
  [1m[36mPost Load (0.1ms)[0m  [1mSELECT "posts".* FROM "posts" [0m
  Rendered posts/index.html.erb within layouts/application (3.3ms)
Completed 200 OK in 365.7ms (Views: 267.4ms | ActiveRecord: 2.8ms)


Started GET "/assets/application.css?body=1" for 127.0.0.1 at 2015-11-18 11:54:45 +0800
Served asset /application.css - 304 Not Modified (37ms)


Started GET "/assets/posts.js?body=1" for 127.0.0.1 at 2015-11-18 11:54:45 +0800
Served asset /posts.js - 304 Not Modified (1ms)


Started GET "/assets/jquery_ujs.js?body=1" for 127.0.0.1 at 2015-11-18 11:54:45 +0800
Served asset /jquery_ujs.js - 304 Not Modified (32ms)


Started GET "/assets/jquery.js?body=1" for 127.0.0.1 at 2015-11-18 11:54:45 +0800
Served asset /jquery.js - 304 Not Modified (8ms)


Started GET "/assets/scaffolds.css?body=1" for 127.0.0.1 at 2015-11-18 11:54:45 +0800
Served asset /scaffolds.css - 304 Not Modified (3ms)


Started GET "/assets/posts.css?body=1" for 127.0.0.1 at 2015-11-18 11:54:45 +0800
Served asset /posts.css - 304 Not Modified (1ms)


Started GET "/assets/application.js?body=1" for 127.0.0.1 at 2015-11-18 11:54:45 +0800
Served asset /application.js - 304 Not Modified (4ms)


Started GET "/posts/new" for 127.0.0.1 at 2015-11-18 11:54:46 +0800
Processing by PostsController#new as HTML
  Rendered posts/_form.html.erb (255.4ms)
  Rendered posts/new.html.erb within layouts/application (354.8ms)
Completed 200 OK in 368.8ms (Views: 358.8ms | ActiveRecord: 0.0ms)


Started GET "/assets/application.css?body=1" for 127.0.0.1 at 2015-11-18 11:54:46 +0800
Served asset /application.css - 304 Not Modified (0ms)


Started GET "/assets/posts.js?body=1" for 127.0.0.1 at 2015-11-18 11:54:46 +0800
Served asset /posts.js - 304 Not Modified (0ms)


Started GET "/assets/jquery_ujs.js?body=1" for 127.0.0.1 at 2015-11-18 11:54:46 +0800
Served asset /jquery_ujs.js - 304 Not Modified (1ms)


Started GET "/assets/jquery.js?body=1" for 127.0.0.1 at 2015-11-18 11:54:46 +0800
Served asset /jquery.js - 304 Not Modified (0ms)


Started GET "/assets/scaffolds.css?body=1" for 127.0.0.1 at 2015-11-18 11:54:46 +0800
Served asset /scaffolds.css - 304 Not Modified (0ms)


Started GET "/assets/application.js?body=1" for 127.0.0.1 at 2015-11-18 11:54:46 +0800
Served asset /application.js - 304 Not Modified (0ms)


Started GET "/assets/posts.css?body=1" for 127.0.0.1 at 2015-11-18 11:54:46 +0800
Served asset /posts.css - 304 Not Modified (0ms)


Started POST "/posts" for 127.0.0.1 at 2015-11-18 11:54:50 +0800
Processing by PostsController#create as HTML
  Parameters: {"utf8"=>"✓", "authenticity_token"=>"eEGq7rmyjjhjmN0Dgu8NMlXRFmQGAO1B5E3kg2cQkqE=", "post"=>{"title"=>"1", "content"=>"1", "post_time(1i)"=>"2015", "post_time(2i)"=>"11", "post_time(3i)"=>"18", "post_time(4i)"=>"03", "post_time(5i)"=>"54"}, "commit"=>"Create Post"}
  [1m[35m (0.1ms)[0m  begin transaction
  [1m[36mSQL (513.7ms)[0m  [1mINSERT INTO "posts" ("content", "created_at", "post_time", "title", "updated_at") VALUES (?, ?, ?, ?, ?)[0m  [["content", "1"], ["created_at", Wed, 18 Nov 2015 03:54:50 UTC +00:00], ["post_time", Wed, 18 Nov 2015 03:54:00 UTC +00:00], ["title", "1"], ["updated_at", Wed, 18 Nov 2015 03:54:50 UTC +00:00]]
  [1m[35m (65.5ms)[0m  commit transaction
Redirected to http://localhost:3000/posts/2
Completed 302 Found in 582.6ms (ActiveRecord: 579.3ms)


Started GET "/posts/2" for 127.0.0.1 at 2015-11-18 11:54:51 +0800
Processing by PostsController#show as HTML
  Parameters: {"id"=>"2"}
  [1m[36mPost Load (0.3ms)[0m  [1mSELECT "posts".* FROM "posts" WHERE "posts"."id" = ? LIMIT 1[0m  [["id", "2"]]
  Rendered posts/show.html.erb within layouts/application (1.5ms)
Completed 200 OK in 43.8ms (Views: 39.7ms | ActiveRecord: 0.3ms)


Started GET "/assets/application.css?body=1" for 127.0.0.1 at 2015-11-18 11:54:51 +0800
Served asset /application.css - 304 Not Modified (0ms)


Started GET "/assets/scaffolds.css?body=1" for 127.0.0.1 at 2015-11-18 11:54:51 +0800
Served asset /scaffolds.css - 304 Not Modified (0ms)


Started GET "/assets/posts.css?body=1" for 127.0.0.1 at 2015-11-18 11:54:51 +0800
Served asset /posts.css - 304 Not Modified (0ms)


Started GET "/assets/application.js?body=1" for 127.0.0.1 at 2015-11-18 11:54:51 +0800
Served asset /application.js - 304 Not Modified (0ms)


Started GET "/assets/posts.js?body=1" for 127.0.0.1 at 2015-11-18 11:54:51 +0800
Served asset /posts.js - 304 Not Modified (0ms)


Started GET "/assets/jquery_ujs.js?body=1" for 127.0.0.1 at 2015-11-18 11:54:51 +0800
Served asset /jquery_ujs.js - 304 Not Modified (0ms)


Started GET "/assets/jquery.js?body=1" for 127.0.0.1 at 2015-11-18 11:54:51 +0800
Served asset /jquery.js - 304 Not Modified (0ms)


Started GET "/posts" for 127.0.0.1 at 2015-11-18 11:54:54 +0800
Processing by PostsController#index as HTML
  [1m[35mPost Load (0.1ms)[0m  SELECT "posts".* FROM "posts" 
  Rendered posts/index.html.erb within layouts/application (0.8ms)
Completed 200 OK in 5.1ms (Views: 4.3ms | ActiveRecord: 0.1ms)


Started GET "/assets/application.css?body=1" for 127.0.0.1 at 2015-11-18 11:54:54 +0800
Served asset /application.css - 304 Not Modified (0ms)


Started GET "/assets/jquery.js?body=1" for 127.0.0.1 at 2015-11-18 11:54:54 +0800
Served asset /jquery.js - 304 Not Modified (2ms)


Started GET "/assets/scaffolds.css?body=1" for 127.0.0.1 at 2015-11-18 11:54:54 +0800
Served asset /scaffolds.css - 304 Not Modified (0ms)


Started GET "/assets/posts.css?body=1" for 127.0.0.1 at 2015-11-18 11:54:54 +0800
Served asset /posts.css - 304 Not Modified (0ms)


Started GET "/assets/application.js?body=1" for 127.0.0.1 at 2015-11-18 11:54:54 +0800
Served asset /application.js - 304 Not Modified (0ms)


Started GET "/assets/posts.js?body=1" for 127.0.0.1 at 2015-11-18 11:54:54 +0800
Served asset /posts.js - 304 Not Modified (0ms)


Started GET "/assets/jquery_ujs.js?body=1" for 127.0.0.1 at 2015-11-18 11:54:54 +0800
Served asset /jquery_ujs.js - 304 Not Modified (0ms)


Started GET "/posts/2/edit" for 127.0.0.1 at 2015-11-18 11:54:57 +0800
Processing by PostsController#edit as HTML
  Parameters: {"id"=>"2"}
  [1m[36mPost Load (0.1ms)[0m  [1mSELECT "posts".* FROM "posts" WHERE "posts"."id" = ? LIMIT 1[0m  [["id", "2"]]
  Rendered posts/_form.html.erb (3.6ms)
  Rendered posts/edit.html.erb within layouts/application (4.8ms)
Completed 200 OK in 49.8ms (Views: 48.8ms | ActiveRecord: 0.1ms)


Started GET "/assets/application.css?body=1" for 127.0.0.1 at 2015-11-18 11:54:57 +0800
Served asset /application.css - 304 Not Modified (0ms)


Started GET "/assets/jquery_ujs.js?body=1" for 127.0.0.1 at 2015-11-18 11:54:57 +0800
Served asset /jquery_ujs.js - 304 Not Modified (0ms)


Started GET "/assets/jquery.js?body=1" for 127.0.0.1 at 2015-11-18 11:54:57 +0800
Served asset /jquery.js - 304 Not Modified (0ms)


Started GET "/assets/scaffolds.css?body=1" for 127.0.0.1 at 2015-11-18 11:54:57 +0800
Served asset /scaffolds.css - 304 Not Modified (0ms)


Started GET "/assets/application.js?body=1" for 127.0.0.1 at 2015-11-18 11:54:57 +0800
Served asset /application.js - 304 Not Modified (0ms)


Started GET "/assets/posts.css?body=1" for 127.0.0.1 at 2015-11-18 11:54:57 +0800
Served asset /posts.css - 304 Not Modified (0ms)


Started GET "/assets/posts.js?body=1" for 127.0.0.1 at 2015-11-18 11:54:57 +0800
Served asset /posts.js - 304 Not Modified (0ms)


Started GET "/posts/2" for 127.0.0.1 at 2015-11-18 11:55:01 +0800
Processing by PostsController#show as HTML
  Parameters: {"id"=>"2"}
  [1m[35mPost Load (0.1ms)[0m  SELECT "posts".* FROM "posts" WHERE "posts"."id" = ? LIMIT 1  [["id", "2"]]
  Rendered posts/show.html.erb within layouts/application (0.7ms)
Completed 200 OK in 7.6ms (Views: 6.8ms | ActiveRecord: 0.1ms)


Started GET "/assets/application.css?body=1" for 127.0.0.1 at 2015-11-18 11:55:01 +0800
Served asset /application.css - 304 Not Modified (0ms)


Started GET "/assets/posts.css?body=1" for 127.0.0.1 at 2015-11-18 11:55:01 +0800
Served asset /posts.css - 304 Not Modified (0ms)


Started GET "/assets/application.js?body=1" for 127.0.0.1 at 2015-11-18 11:55:01 +0800
Served asset /application.js - 304 Not Modified (0ms)


Started GET "/assets/posts.js?body=1" for 127.0.0.1 at 2015-11-18 11:55:01 +0800
Served asset /posts.js - 304 Not Modified (0ms)


Started GET "/assets/jquery_ujs.js?body=1" for 127.0.0.1 at 2015-11-18 11:55:01 +0800
Served asset /jquery_ujs.js - 304 Not Modified (0ms)


Started GET "/assets/jquery.js?body=1" for 127.0.0.1 at 2015-11-18 11:55:01 +0800
Served asset /jquery.js - 304 Not Modified (0ms)


Started GET "/assets/scaffolds.css?body=1" for 127.0.0.1 at 2015-11-18 11:55:01 +0800
Served asset /scaffolds.css - 304 Not Modified (0ms)


Started DELETE "/posts/2" for 127.0.0.1 at 2015-11-18 11:55:03 +0800
Processing by PostsController#destroy as HTML
  Parameters: {"authenticity_token"=>"eEGq7rmyjjhjmN0Dgu8NMlXRFmQGAO1B5E3kg2cQkqE=", "id"=>"2"}
  [1m[36mPost Load (0.1ms)[0m  [1mSELECT "posts".* FROM "posts" WHERE "posts"."id" = ? LIMIT 1[0m  [["id", "2"]]
  [1m[35m (0.0ms)[0m  begin transaction
  [1m[36mSQL (0.2ms)[0m  [1mDELETE FROM "posts" WHERE "posts"."id" = ?[0m  [["id", 2]]
  [1m[35m (78.6ms)[0m  commit transaction
Redirected to http://localhost:3000/posts
Completed 302 Found in 80.5ms (ActiveRecord: 78.9ms)


Started GET "/posts" for 127.0.0.1 at 2015-11-18 11:55:03 +0800
Processing by PostsController#index as HTML
  [1m[36mPost Load (0.1ms)[0m  [1mSELECT "posts".* FROM "posts" [0m
  Rendered posts/index.html.erb within layouts/application (0.2ms)
Completed 200 OK in 9.1ms (Views: 8.0ms | ActiveRecord: 0.1ms)


Started GET "/assets/application.css?body=1" for 127.0.0.1 at 2015-11-18 11:55:03 +0800
Served asset /application.css - 304 Not Modified (0ms)


Started GET "/assets/posts.css?body=1" for 127.0.0.1 at 2015-11-18 11:55:03 +0800
Served asset /posts.css - 304 Not Modified (0ms)


Started GET "/assets/application.js?body=1" for 127.0.0.1 at 2015-11-18 11:55:03 +0800
Served asset /application.js - 304 Not Modified (0ms)


Started GET "/assets/posts.js?body=1" for 127.0.0.1 at 2015-11-18 11:55:03 +0800
Served asset /posts.js - 304 Not Modified (0ms)


Started GET "/assets/jquery_ujs.js?body=1" for 127.0.0.1 at 2015-11-18 11:55:03 +0800
Served asset /jquery_ujs.js - 304 Not Modified (0ms)


Started GET "/assets/jquery.js?body=1" for 127.0.0.1 at 2015-11-18 11:55:03 +0800
Served asset /jquery.js - 304 Not Modified (1ms)


Started GET "/assets/scaffolds.css?body=1" for 127.0.0.1 at 2015-11-18 11:55:03 +0800
Served asset /scaffolds.css - 304 Not Modified (0ms)
